# JRE version: OpenJDK Runtime Environment (8.0_152-b02) (build 1.8.0_152-release-1024-b02)
# Java VM: OpenJDK 64-Bit Server VM (25.152-b02 mixed mode windows-amd64 compressed oops)
Heap:
 PSYoungGen      total 237568K, used 136098K [0x00000000e0000000, 0x00000000f3380000, 0x0000000100000000)
  eden space 212992K, 63% used [0x00000000e0000000,0x00000000e84e89c0,0x00000000ed000000)
  from space 24576K, 0% used [0x00000000ed000000,0x00000000ed000000,0x00000000ee800000)
  to   space 24064K, 0% used [0x00000000f1c00000,0x00000000f1c00000,0x00000000f3380000)
 ParOldGen       total 134656K, used 38276K [0x00000000a0000000, 0x00000000a8380000, 0x00000000e0000000)
  object space 134656K, 28% used [0x00000000a0000000,0x00000000a2561288,0x00000000a8380000)
 Metaspace       used 64269K, capacity 66187K, committed 66520K, reserved 1105920K
  class space    used 8647K, capacity 9119K, committed 9216K, reserved 1048576K
GC Heap History (10 events):
Event: 23.645 GC heap before
{Heap before GC invocations=10 (full 2):
 PSYoungGen      total 141312K, used 131072K [0x00000000e0000000, 0x00000000ec400000, 0x0000000100000000)
  eden space 131072K, 100% used [0x00000000e0000000,0x00000000e8000000,0x00000000e8000000)
  from space 10240K, 0% used [0x00000000e8000000,0x00000000e8000000,0x00000000e8a00000)
  to   space 12800K, 0% used [0x00000000eb780000,0x00000000eb780000,0x00000000ec400000)
 ParOldGen       total 89600K, used 19854K [0x00000000a0000000, 0x00000000a5780000, 0x00000000e0000000)
  object space 89600K, 22% used [0x00000000a0000000,0x00000000a1363ab8,0x00000000a5780000)
 Metaspace       used 42219K, capacity 43188K, committed 43352K, reserved 1087488K
  class space    used 5734K, capacity 6009K, committed 6016K, reserved 1048576K
Event: 23.678 GC heap after
Heap after GC invocations=10 (full 2):
 PSYoungGen      total 185856K, used 12774K [0x00000000e0000000, 0x00000000edd00000, 0x0000000100000000)
  eden space 173056K, 0% used [0x00000000e0000000,0x00000000e0000000,0x00000000ea900000)
  from space 12800K, 99% used [0x00000000eb780000,0x00000000ec3f9ae8,0x00000000ec400000)
  to   space 14848K, 0% used [0x00000000ea900000,0x00000000ea900000,0x00000000eb780000)
 ParOldGen       total 89600K, used 20782K [0x00000000a0000000, 0x00000000a5780000, 0x00000000e0000000)
  object space 89600K, 23% used [0x00000000a0000000,0x00000000a144b848,0x00000000a5780000)
 Metaspace       used 42219K, capacity 43188K, committed 43352K, reserved 1087488K
  class space    used 5734K, capacity 6009K, committed 6016K, reserved 1048576K
}
Event: 28.563 GC heap before
{Heap before GC invocations=11 (full 2):
 PSYoungGen      total 185856K, used 185830K [0x00000000e0000000, 0x00000000edd00000, 0x0000000100000000)
  eden space 173056K, 100% used [0x00000000e0000000,0x00000000ea900000,0x00000000ea900000)
  from space 12800K, 99% used [0x00000000eb780000,0x00000000ec3f9ae8,0x00000000ec400000)
  to   space 14848K, 0% used [0x00000000ea900000,0x00000000ea900000,0x00000000eb780000)
 ParOldGen       total 89600K, used 20782K [0x00000000a0000000, 0x00000000a5780000, 0x00000000e0000000)
  object space 89600K, 23% used [0x00000000a0000000,0x00000000a144b848,0x00000000a5780000)
 Metaspace       used 48468K, capacity 49606K, committed 49880K, reserved 1091584K
  class space    used 6503K, capacity 6804K, committed 6912K, reserved 1048576K
Event: 28.586 GC heap after
Heap after GC invocations=11 (full 2):
 PSYoungGen      total 187904K, used 14770K [0x00000000e0000000, 0x00000000ef880000, 0x0000000100000000)
  eden space 173056K, 0% used [0x00000000e0000000,0x00000000e0000000,0x00000000ea900000)
  from space 14848K, 99% used [0x00000000ea900000,0x00000000eb76ca20,0x00000000eb780000)
  to   space 16896K, 0% used [0x00000000ee800000,0x00000000ee800000,0x00000000ef880000)
 ParOldGen       total 89600K, used 20854K [0x00000000a0000000, 0x00000000a5780000, 0x00000000e0000000)
  object space 89600K, 23% used [0x00000000a0000000,0x00000000a145d858,0x00000000a5780000)
 Metaspace       used 48468K, capacity 49606K, committed 49880K, reserved 1091584K
  class space    used 6503K, capacity 6804K, committed 6912K, reserved 1048576K
}
Event: 39.154 GC heap before
{Heap before GC invocations=12 (full 2):
 PSYoungGen      total 187904K, used 187826K [0x00000000e0000000, 0x00000000ef880000, 0x0000000100000000)
  eden space 173056K, 100% used [0x00000000e0000000,0x00000000ea900000,0x00000000ea900000)
  from space 14848K, 99% used [0x00000000ea900000,0x00000000eb76ca20,0x00000000eb780000)
  to   space 16896K, 0% used [0x00000000ee800000,0x00000000ee800000,0x00000000ef880000)
 ParOldGen       total 89600K, used 20854K [0x00000000a0000000, 0x00000000a5780000, 0x00000000e0000000)
  object space 89600K, 23% used [0x00000000a0000000,0x00000000a145d858,0x00000000a5780000)
 Metaspace       used 56900K, capacity 58594K, committed 58840K, reserved 1099776K
  class space    used 7653K, capacity 8080K, committed 8192K, reserved 1048576K
Event: 39.228 GC heap after
Heap after GC invocations=12 (full 2):
 PSYoungGen      total 229888K, used 16882K [0x00000000e0000000, 0x00000000f0580000, 0x0000000100000000)
  eden space 212992K, 0% used [0x00000000e0000000,0x00000000e0000000,0x00000000ed000000)
  from space 16896K, 99% used [0x00000000ee800000,0x00000000ef87c918,0x00000000ef880000)
  to   space 24576K, 0% used [0x00000000ed000000,0x00000000ed000000,0x00000000ee800000)
 ParOldGen       total 89600K, used 36655K [0x00000000a0000000, 0x00000000a5780000, 0x00000000e0000000)
  object space 89600K, 40% used [0x00000000a0000000,0x00000000a23cbd38,0x00000000a5780000)
 Metaspace       used 56900K, capacity 58594K, committed 58840K, reserved 1099776K
  class space    used 7653K, capacity 8080K, committed 8192K, reserved 1048576K
}
Event: 42.936 GC heap before
{Heap before GC invocations=13 (full 2):
 PSYoungGen      total 229888K, used 53838K [0x00000000e0000000, 0x00000000f0580000, 0x0000000100000000)
  eden space 212992K, 17% used [0x00000000e0000000,0x00000000e2417268,0x00000000ed000000)
  from space 16896K, 99% used [0x00000000ee800000,0x00000000ef87c918,0x00000000ef880000)
  to   space 24576K, 0% used [0x00000000ed000000,0x00000000ed000000,0x00000000ee800000)
 ParOldGen       total 89600K, used 36655K [0x00000000a0000000, 0x00000000a5780000, 0x00000000e0000000)
  object space 89600K, 40% used [0x00000000a0000000,0x00000000a23cbd38,0x00000000a5780000)
 Metaspace       used 57254K, capacity 58904K, committed 59028K, reserved 1099776K
  class space    used 7685K, capacity 8119K, committed 8192K, reserved 1048576K
Event: 42.960 GC heap after
Heap after GC invocations=13 (full 2):
 PSYoungGen      total 237568K, used 13438K [0x00000000e0000000, 0x00000000f3380000, 0x0000000100000000)
  eden space 212992K, 0% used [0x00000000e0000000,0x00000000e0000000,0x00000000ed000000)
  from space 24576K, 54% used [0x00000000ed000000,0x00000000edd1f988,0x00000000ee800000)
  to   space 24064K, 0% used [0x00000000f1c00000,0x00000000f1c00000,0x00000000f3380000)
 ParOldGen       total 89600K, used 41318K [0x00000000a0000000, 0x00000000a5780000, 0x00000000e0000000)
  object space 89600K, 46% used [0x00000000a0000000,0x00000000a2859960,0x00000000a5780000)
 Metaspace       used 57254K, capacity 58904K, committed 59028K, reserved 1099776K
  class space    used 7685K, capacity 8119K, committed 8192K, reserved 1048576K
}
Event: 42.960 GC heap before
{Heap before GC invocations=14 (full 3):
 PSYoungGen      total 237568K, used 13438K [0x00000000e0000000, 0x00000000f3380000, 0x0000000100000000)
  eden space 212992K, 0% used [0x00000000e0000000,0x00000000e0000000,0x00000000ed000000)
  from space 24576K, 54% used [0x00000000ed000000,0x00000000edd1f988,0x00000000ee800000)
  to   space 24064K, 0% used [0x00000000f1c00000,0x00000000f1c00000,0x00000000f3380000)
 ParOldGen       total 89600K, used 41318K [0x00000000a0000000, 0x00000000a5780000, 0x00000000e0000000)
  object space 89600K, 46% used [0x00000000a0000000,0x00000000a2859960,0x00000000a5780000)
 Metaspace       used 57254K, capacity 58904K, committed 59028K, reserved 1099776K
  class space    used 7685K, capacity 8119K, committed 8192K, reserved 1048576K
Event: 43.200 GC heap after
Heap after GC invocations=14 (full 3):
 PSYoungGen      total 237568K, used 0K [0x00000000e0000000, 0x00000000f3380000, 0x0000000100000000)
  eden space 212992K, 0% used [0x00000000e0000000,0x00000000e0000000,0x00000000ed000000)
  from space 24576K, 0% used [0x00000000ed000000,0x00000000ed000000,0x00000000ee800000)
  to   space 24064K, 0% used [0x00000000f1c00000,0x00000000f1c00000,0x00000000f3380000)
 ParOldGen       total 134656K, used 38276K [0x00000000a0000000, 0x00000000a8380000, 0x00000000e0000000)
  object space 134656K, 28% used [0x00000000a0000000,0x00000000a2561288,0x00000000a8380000)
 Metaspace       used 57254K, capacity 58904K, committed 59028K, reserved 1099776K
  class space    used 7685K, capacity 8119K, committed 8192K, reserved 1048576K
}

