# JRE version: OpenJDK Runtime Environment (8.0_152-b02) (build 1.8.0_152-release-1024-b02)
# Java VM: OpenJDK 64-Bit Server VM (25.152-b02 mixed mode windows-amd64 compressed oops)
Heap:
 PSYoungGen      total 281088K, used 84455K [0x00000000e0000000, 0x00000000f6680000, 0x0000000100000000)
  eden space 260096K, 32% used [0x00000000e0000000,0x00000000e5279e50,0x00000000efe00000)
  from space 20992K, 0% used [0x00000000efe00000,0x00000000efe00000,0x00000000f1280000)
  to   space 24064K, 0% used [0x00000000f4f00000,0x00000000f4f00000,0x00000000f6680000)
 ParOldGen       total 151552K, used 34273K [0x00000000a0000000, 0x00000000a9400000, 0x00000000e0000000)
  object space 151552K, 22% used [0x00000000a0000000,0x00000000a21784a0,0x00000000a9400000)
 Metaspace       used 61424K, capacity 63130K, committed 63252K, reserved 1103872K
  class space    used 8294K, capacity 8692K, committed 8764K, reserved 1048576K
GC Heap History (10 events):
Event: 20.960 GC heap before
{Heap before GC invocations=8 (full 2):
 PSYoungGen      total 201216K, used 8734K [0x00000000e0000000, 0x00000000ed280000, 0x0000000100000000)
  eden space 186368K, 0% used [0x00000000e0000000,0x00000000e0000000,0x00000000eb600000)
  from space 14848K, 58% used [0x00000000ec400000,0x00000000ecc87870,0x00000000ed280000)
  to   space 14336K, 0% used [0x00000000eb600000,0x00000000eb600000,0x00000000ec400000)
 ParOldGen       total 66048K, used 16864K [0x00000000a0000000, 0x00000000a4080000, 0x00000000e0000000)
  object space 66048K, 25% used [0x00000000a0000000,0x00000000a10780d8,0x00000000a4080000)
 Metaspace       used 34756K, capacity 35318K, committed 35416K, reserved 1079296K
  class space    used 4784K, capacity 4969K, committed 4992K, reserved 1048576K
Event: 21.076 GC heap after
Heap after GC invocations=8 (full 2):
 PSYoungGen      total 201216K, used 0K [0x00000000e0000000, 0x00000000ed280000, 0x0000000100000000)
  eden space 186368K, 0% used [0x00000000e0000000,0x00000000e0000000,0x00000000eb600000)
  from space 14848K, 0% used [0x00000000ec400000,0x00000000ec400000,0x00000000ed280000)
  to   space 14336K, 0% used [0x00000000eb600000,0x00000000eb600000,0x00000000ec400000)
 ParOldGen       total 105472K, used 16681K [0x00000000a0000000, 0x00000000a6700000, 0x00000000e0000000)
  object space 105472K, 15% used [0x00000000a0000000,0x00000000a104a4f0,0x00000000a6700000)
 Metaspace       used 34756K, capacity 35318K, committed 35416K, reserved 1079296K
  class space    used 4784K, capacity 4969K, committed 4992K, reserved 1048576K
}
Event: 29.064 GC heap before
{Heap before GC invocations=9 (full 2):
 PSYoungGen      total 201216K, used 186368K [0x00000000e0000000, 0x00000000ed280000, 0x0000000100000000)
  eden space 186368K, 100% used [0x00000000e0000000,0x00000000eb600000,0x00000000eb600000)
  from space 14848K, 0% used [0x00000000ec400000,0x00000000ec400000,0x00000000ed280000)
  to   space 14336K, 0% used [0x00000000eb600000,0x00000000eb600000,0x00000000ec400000)
 ParOldGen       total 105472K, used 16681K [0x00000000a0000000, 0x00000000a6700000, 0x00000000e0000000)
  object space 105472K, 15% used [0x00000000a0000000,0x00000000a104a4f0,0x00000000a6700000)
 Metaspace       used 43950K, capacity 44908K, committed 45144K, reserved 1087488K
  class space    used 6009K, capacity 6271K, committed 6272K, reserved 1048576K
Event: 29.084 GC heap after
Heap after GC invocations=9 (full 2):
 PSYoungGen      total 200704K, used 14322K [0x00000000e0000000, 0x00000000f2300000, 0x0000000100000000)
  eden space 186368K, 0% used [0x00000000e0000000,0x00000000e0000000,0x00000000eb600000)
  from space 14336K, 99% used [0x00000000eb600000,0x00000000ec3fca68,0x00000000ec400000)
  to   space 16896K, 0% used [0x00000000f1280000,0x00000000f1280000,0x00000000f2300000)
 ParOldGen       total 105472K, used 17711K [0x00000000a0000000, 0x00000000a6700000, 0x00000000e0000000)
  object space 105472K, 16% used [0x00000000a0000000,0x00000000a114be28,0x00000000a6700000)
 Metaspace       used 43950K, capacity 44908K, committed 45144K, reserved 1087488K
  class space    used 6009K, capacity 6271K, committed 6272K, reserved 1048576K
}
Event: 37.731 GC heap before
{Heap before GC invocations=10 (full 2):
 PSYoungGen      total 200704K, used 200690K [0x00000000e0000000, 0x00000000f2300000, 0x0000000100000000)
  eden space 186368K, 100% used [0x00000000e0000000,0x00000000eb600000,0x00000000eb600000)
  from space 14336K, 99% used [0x00000000eb600000,0x00000000ec3fca68,0x00000000ec400000)
  to   space 16896K, 0% used [0x00000000f1280000,0x00000000f1280000,0x00000000f2300000)
 ParOldGen       total 105472K, used 17711K [0x00000000a0000000, 0x00000000a6700000, 0x00000000e0000000)
  object space 105472K, 16% used [0x00000000a0000000,0x00000000a114be28,0x00000000a6700000)
 Metaspace       used 53957K, capacity 55538K, committed 55896K, reserved 1097728K
  class space    used 7311K, capacity 7698K, committed 7808K, reserved 1048576K
Event: 37.834 GC heap after
Heap after GC invocations=10 (full 2):
 PSYoungGen      total 276992K, used 16891K [0x00000000e0000000, 0x00000000f2c80000, 0x0000000100000000)
  eden space 260096K, 0% used [0x00000000e0000000,0x00000000e0000000,0x00000000efe00000)
  from space 16896K, 99% used [0x00000000f1280000,0x00000000f22fefe0,0x00000000f2300000)
  to   space 20992K, 0% used [0x00000000efe00000,0x00000000efe00000,0x00000000f1280000)
 ParOldGen       total 105472K, used 22093K [0x00000000a0000000, 0x00000000a6700000, 0x00000000e0000000)
  object space 105472K, 20% used [0x00000000a0000000,0x00000000a15935e0,0x00000000a6700000)
 Metaspace       used 53957K, capacity 55538K, committed 55896K, reserved 1097728K
  class space    used 7311K, capacity 7698K, committed 7808K, reserved 1048576K
}
Event: 63.411 GC heap before
{Heap before GC invocations=11 (full 2):
 PSYoungGen      total 276992K, used 125914K [0x00000000e0000000, 0x00000000f2c80000, 0x0000000100000000)
  eden space 260096K, 41% used [0x00000000e0000000,0x00000000e6a77af0,0x00000000efe00000)
  from space 16896K, 99% used [0x00000000f1280000,0x00000000f22fefe0,0x00000000f2300000)
  to   space 20992K, 0% used [0x00000000efe00000,0x00000000efe00000,0x00000000f1280000)
 ParOldGen       total 105472K, used 22093K [0x00000000a0000000, 0x00000000a6700000, 0x00000000e0000000)
  object space 105472K, 20% used [0x00000000a0000000,0x00000000a15935e0,0x00000000a6700000)
 Metaspace       used 57330K, capacity 58944K, committed 59028K, reserved 1099776K
  class space    used 7722K, capacity 8101K, committed 8124K, reserved 1048576K
Event: 63.483 GC heap after
Heap after GC invocations=11 (full 2):
 PSYoungGen      total 281088K, used 20894K [0x00000000e0000000, 0x00000000f6680000, 0x0000000100000000)
  eden space 260096K, 0% used [0x00000000e0000000,0x00000000e0000000,0x00000000efe00000)
  from space 20992K, 99% used [0x00000000efe00000,0x00000000f12679d8,0x00000000f1280000)
  to   space 24064K, 0% used [0x00000000f4f00000,0x00000000f4f00000,0x00000000f6680000)
 ParOldGen       total 105472K, used 22101K [0x00000000a0000000, 0x00000000a6700000, 0x00000000e0000000)
  object space 105472K, 20% used [0x00000000a0000000,0x00000000a15955e0,0x00000000a6700000)
 Metaspace       used 57330K, capacity 58944K, committed 59028K, reserved 1099776K
  class space    used 7722K, capacity 8101K, committed 8124K, reserved 1048576K
}
Event: 63.483 GC heap before
{Heap before GC invocations=12 (full 3):
 PSYoungGen      total 281088K, used 20894K [0x00000000e0000000, 0x00000000f6680000, 0x0000000100000000)
  eden space 260096K, 0% used [0x00000000e0000000,0x00000000e0000000,0x00000000efe00000)
  from space 20992K, 99% used [0x00000000efe00000,0x00000000f12679d8,0x00000000f1280000)
  to   space 24064K, 0% used [0x00000000f4f00000,0x00000000f4f00000,0x00000000f6680000)
 ParOldGen       total 105472K, used 22101K [0x00000000a0000000, 0x00000000a6700000, 0x00000000e0000000)
  object space 105472K, 20% used [0x00000000a0000000,0x00000000a15955e0,0x00000000a6700000)
 Metaspace       used 57330K, capacity 58944K, committed 59028K, reserved 1099776K
  class space    used 7722K, capacity 8101K, committed 8124K, reserved 1048576K
Event: 63.949 GC heap after
Heap after GC invocations=12 (full 3):
 PSYoungGen      total 281088K, used 0K [0x00000000e0000000, 0x00000000f6680000, 0x0000000100000000)
  eden space 260096K, 0% used [0x00000000e0000000,0x00000000e0000000,0x00000000efe00000)
  from space 20992K, 0% used [0x00000000efe00000,0x00000000efe00000,0x00000000f1280000)
  to   space 24064K, 0% used [0x00000000f4f00000,0x00000000f4f00000,0x00000000f6680000)
 ParOldGen       total 151552K, used 34273K [0x00000000a0000000, 0x00000000a9400000, 0x00000000e0000000)
  object space 151552K, 22% used [0x00000000a0000000,0x00000000a21784a0,0x00000000a9400000)
 Metaspace       used 57330K, capacity 58944K, committed 59028K, reserved 1099776K
  class space    used 7722K, capacity 8101K, committed 8124K, reserved 1048576K
}

