# JRE version: OpenJDK Runtime Environment (8.0_152-b02) (build 1.8.0_152-release-1024-b02)
# Java VM: OpenJDK 64-Bit Server VM (25.152-b02 mixed mode windows-amd64 compressed oops)
Heap:
 PSYoungGen      total 328704K, used 213263K [0x00000000e0000000, 0x00000000f6f80000, 0x0000000100000000)
  eden space 318464K, 63% used [0x00000000e0000000,0x00000000ec6565b8,0x00000000f3700000)
  from space 10240K, 99% used [0x00000000f4800000,0x00000000f51ed8d8,0x00000000f5200000)
  to   space 25088K, 0% used [0x00000000f5700000,0x00000000f5700000,0x00000000f6f80000)
 ParOldGen       total 118272K, used 53715K [0x00000000a0000000, 0x00000000a7380000, 0x00000000e0000000)
  object space 118272K, 45% used [0x00000000a0000000,0x00000000a3474e70,0x00000000a7380000)
 Metaspace       used 79609K, capacity 83081K, committed 83328K, reserved 1122304K
  class space    used 10336K, capacity 11114K, committed 11136K, reserved 1048576K
GC Heap History (10 events):
Event: 71.628 GC heap before
{Heap before GC invocations=14 (full 3):
 PSYoungGen      total 306688K, used 287744K [0x00000000e0000000, 0x00000000f5180000, 0x0000000100000000)
  eden space 287744K, 100% used [0x00000000e0000000,0x00000000f1900000,0x00000000f1900000)
  from space 18944K, 0% used [0x00000000f3280000,0x00000000f3280000,0x00000000f4500000)
  to   space 26112K, 0% used [0x00000000f1900000,0x00000000f1900000,0x00000000f3280000)
 ParOldGen       total 118272K, used 46690K [0x00000000a0000000, 0x00000000a7380000, 0x00000000e0000000)
  object space 118272K, 39% used [0x00000000a0000000,0x00000000a2d98a08,0x00000000a7380000)
 Metaspace       used 67241K, capacity 69777K, committed 70016K, reserved 1110016K
  class space    used 8990K, capacity 9590K, committed 9600K, reserved 1048576K
Event: 71.752 GC heap after
Heap after GC invocations=14 (full 3):
 PSYoungGen      total 313856K, used 23024K [0x00000000e0000000, 0x00000000fa580000, 0x0000000100000000)
  eden space 287744K, 0% used [0x00000000e0000000,0x00000000e0000000,0x00000000f1900000)
  from space 26112K, 88% used [0x00000000f1900000,0x00000000f2f7c090,0x00000000f3280000)
  to   space 28672K, 0% used [0x00000000f8980000,0x00000000f8980000,0x00000000fa580000)
 ParOldGen       total 118272K, used 46698K [0x00000000a0000000, 0x00000000a7380000, 0x00000000e0000000)
  object space 118272K, 39% used [0x00000000a0000000,0x00000000a2d9aa08,0x00000000a7380000)
 Metaspace       used 67241K, capacity 69777K, committed 70016K, reserved 1110016K
  class space    used 8990K, capacity 9590K, committed 9600K, reserved 1048576K
}
Event: 1191.492 GC heap before
{Heap before GC invocations=15 (full 3):
 PSYoungGen      total 313856K, used 310768K [0x00000000e0000000, 0x00000000fa580000, 0x0000000100000000)
  eden space 287744K, 100% used [0x00000000e0000000,0x00000000f1900000,0x00000000f1900000)
  from space 26112K, 88% used [0x00000000f1900000,0x00000000f2f7c090,0x00000000f3280000)
  to   space 28672K, 0% used [0x00000000f8980000,0x00000000f8980000,0x00000000fa580000)
 ParOldGen       total 118272K, used 46698K [0x00000000a0000000, 0x00000000a7380000, 0x00000000e0000000)
  object space 118272K, 39% used [0x00000000a0000000,0x00000000a2d9aa08,0x00000000a7380000)
 Metaspace       used 70254K, capacity 73035K, committed 73216K, reserved 1112064K
  class space    used 9276K, capacity 9922K, committed 9984K, reserved 1048576K
Event: 1191.629 GC heap after
Heap after GC invocations=15 (full 3):
 PSYoungGen      total 376320K, used 10942K [0x00000000e0000000, 0x00000000f9780000, 0x0000000100000000)
  eden space 361984K, 0% used [0x00000000e0000000,0x00000000e0000000,0x00000000f6180000)
  from space 14336K, 76% used [0x00000000f8980000,0x00000000f942fbf0,0x00000000f9780000)
  to   space 27648K, 0% used [0x00000000f6180000,0x00000000f6180000,0x00000000f7c80000)
 ParOldGen       total 118272K, used 53691K [0x00000000a0000000, 0x00000000a7380000, 0x00000000e0000000)
  object space 118272K, 45% used [0x00000000a0000000,0x00000000a346ee70,0x00000000a7380000)
 Metaspace       used 70254K, capacity 73035K, committed 73216K, reserved 1112064K
  class space    used 9276K, capacity 9922K, committed 9984K, reserved 1048576K
}
Event: 1813.993 GC heap before
{Heap before GC invocations=16 (full 3):
 PSYoungGen      total 376320K, used 372926K [0x00000000e0000000, 0x00000000f9780000, 0x0000000100000000)
  eden space 361984K, 100% used [0x00000000e0000000,0x00000000f6180000,0x00000000f6180000)
  from space 14336K, 76% used [0x00000000f8980000,0x00000000f942fbf0,0x00000000f9780000)
  to   space 27648K, 0% used [0x00000000f6180000,0x00000000f6180000,0x00000000f7c80000)
 ParOldGen       total 118272K, used 53691K [0x00000000a0000000, 0x00000000a7380000, 0x00000000e0000000)
  object space 118272K, 45% used [0x00000000a0000000,0x00000000a346ee70,0x00000000a7380000)
 Metaspace       used 71132K, capacity 74231K, committed 74368K, reserved 1114112K
  class space    used 9333K, capacity 10035K, committed 10112K, reserved 1048576K
Event: 1814.152 GC heap after
Heap after GC invocations=16 (full 3):
 PSYoungGen      total 351232K, used 4208K [0x00000000e0000000, 0x00000000f8a00000, 0x0000000100000000)
  eden space 346624K, 0% used [0x00000000e0000000,0x00000000e0000000,0x00000000f5280000)
  from space 4608K, 91% used [0x00000000f6180000,0x00000000f659c030,0x00000000f6600000)
  to   space 27648K, 0% used [0x00000000f6f00000,0x00000000f6f00000,0x00000000f8a00000)
 ParOldGen       total 118272K, used 53699K [0x00000000a0000000, 0x00000000a7380000, 0x00000000e0000000)
  object space 118272K, 45% used [0x00000000a0000000,0x00000000a3470e70,0x00000000a7380000)
 Metaspace       used 71132K, capacity 74231K, committed 74368K, reserved 1114112K
  class space    used 9333K, capacity 10035K, committed 10112K, reserved 1048576K
}
Event: 2020.333 GC heap before
{Heap before GC invocations=17 (full 3):
 PSYoungGen      total 351232K, used 350832K [0x00000000e0000000, 0x00000000f8a00000, 0x0000000100000000)
  eden space 346624K, 100% used [0x00000000e0000000,0x00000000f5280000,0x00000000f5280000)
  from space 4608K, 91% used [0x00000000f6180000,0x00000000f659c030,0x00000000f6600000)
  to   space 27648K, 0% used [0x00000000f6f00000,0x00000000f6f00000,0x00000000f8a00000)
 ParOldGen       total 118272K, used 53699K [0x00000000a0000000, 0x00000000a7380000, 0x00000000e0000000)
  object space 118272K, 45% used [0x00000000a0000000,0x00000000a3470e70,0x00000000a7380000)
 Metaspace       used 71886K, capacity 75339K, committed 75520K, reserved 1114112K
  class space    used 9410K, capacity 10181K, committed 10240K, reserved 1048576K
Event: 2020.434 GC heap after
Heap after GC invocations=17 (full 3):
 PSYoungGen      total 344576K, used 11984K [0x00000000e0000000, 0x00000000f7b00000, 0x0000000100000000)
  eden space 332288K, 0% used [0x00000000e0000000,0x00000000e0000000,0x00000000f4480000)
  from space 12288K, 97% used [0x00000000f6f00000,0x00000000f7ab40b0,0x00000000f7b00000)
  to   space 26112K, 0% used [0x00000000f4800000,0x00000000f4800000,0x00000000f6180000)
 ParOldGen       total 118272K, used 53707K [0x00000000a0000000, 0x00000000a7380000, 0x00000000e0000000)
  object space 118272K, 45% used [0x00000000a0000000,0x00000000a3472e70,0x00000000a7380000)
 Metaspace       used 71886K, capacity 75339K, committed 75520K, reserved 1114112K
  class space    used 9410K, capacity 10181K, committed 10240K, reserved 1048576K
}
Event: 2076.213 GC heap before
{Heap before GC invocations=18 (full 3):
 PSYoungGen      total 344576K, used 344272K [0x00000000e0000000, 0x00000000f7b00000, 0x0000000100000000)
  eden space 332288K, 100% used [0x00000000e0000000,0x00000000f4480000,0x00000000f4480000)
  from space 12288K, 97% used [0x00000000f6f00000,0x00000000f7ab40b0,0x00000000f7b00000)
  to   space 26112K, 0% used [0x00000000f4800000,0x00000000f4800000,0x00000000f6180000)
 ParOldGen       total 118272K, used 53707K [0x00000000a0000000, 0x00000000a7380000, 0x00000000e0000000)
  object space 118272K, 45% used [0x00000000a0000000,0x00000000a3472e70,0x00000000a7380000)
 Metaspace       used 74210K, capacity 77669K, committed 77952K, reserved 1116160K
  class space    used 9739K, capacity 10502K, committed 10624K, reserved 1048576K
Event: 2076.310 GC heap after
Heap after GC invocations=18 (full 3):
 PSYoungGen      total 328704K, used 10166K [0x00000000e0000000, 0x00000000f6f80000, 0x0000000100000000)
  eden space 318464K, 0% used [0x00000000e0000000,0x00000000e0000000,0x00000000f3700000)
  from space 10240K, 99% used [0x00000000f4800000,0x00000000f51ed8d8,0x00000000f5200000)
  to   space 25088K, 0% used [0x00000000f5700000,0x00000000f5700000,0x00000000f6f80000)
 ParOldGen       total 118272K, used 53715K [0x00000000a0000000, 0x00000000a7380000, 0x00000000e0000000)
  object space 118272K, 45% used [0x00000000a0000000,0x00000000a3474e70,0x00000000a7380000)
 Metaspace       used 74210K, capacity 77669K, committed 77952K, reserved 1116160K
  class space    used 9739K, capacity 10502K, committed 10624K, reserved 1048576K
}

